<?xml version="1.0" encoding="UTF-8"?>
<!-- Generated by org.testng.reporters.JUnitReportReporter -->
<testsuite hostname="L-16205" failures="0" tests="1" name="org.api.testCases.TC_AddProject" time="0.390" errors="0" timestamp="2025-04-16T11:53:48 IST" skipped="0">
  <testcase classname="org.api.testCases.TC_AddProject" name="addProject" time="0.390"/>
</testsuite> <!-- org.api.testCases.TC_AddProject -->
