<?xml version="1.0" encoding="UTF-8"?>
<!-- Generated by org.testng.reporters.JUnitReportReporter -->
<testsuite hostname="L-16205" failures="0" tests="2" name="org.api.testCases.StartupUpChartTest" time="206.161" errors="0" timestamp="2025-04-16T14:02:35 IST" skipped="0">
  <testcase classname="org.api.testCases.StartupUpChartTest" name="testGetSeriesValues" time="0.026"/>
  <testcase classname="org.api.testCases.StartupUpChartTest" name="testGetEventValues" time="206.135"/>
</testsuite> <!-- org.api.testCases.StartupUpChartTest -->
