<?xml version="1.0" encoding="UTF-8"?>
<!-- Generated by org.testng.reporters.JUnitReportReporter -->
<testsuite hostname="L-16205" failures="0" tests="2" name="org.api.testCases.TC3_JsonParse" time="2.670" errors="0" timestamp="2025-02-11T11:52:05 IST" skipped="0">
  <testcase classname="org.api.testCases.TC3_JsonParse" name="jsonParseTest" time="2.654"/>
  <testcase classname="org.api.testCases.TC3_JsonParse" name="jsonParseTestAssert" time="0.016"/>
</testsuite> <!-- org.api.testCases.TC3_JsonParse -->
