<?xml version="1.0" encoding="UTF-8"?>
<!-- Generated by org.testng.reporters.JUnitReportReporter -->
<testsuite hostname="L-16205" failures="0" tests="1" name="org.api.testCases.StartupUpChartTest" time="119.265" errors="0" timestamp="2025-04-16T17:15:17 IST" skipped="0">
  <testcase classname="org.api.testCases.StartupUpChartTest" name="testGetSeriesValues" time="119.265"/>
</testsuite> <!-- org.api.testCases.StartupUpChartTest -->
